<?xml version="1.0" encoding="UTF-8"?>
<!-- Generated by org.testng.reporters.JUnitReportReporter -->
<testsuite hostname="DESKTOP-FGB939V" failures="0" tests="1" name="Tests.LoginTest" time="23.618" errors="0" timestamp="2025-07-02T00:31:50 IST" skipped="0">
  <testcase classname="Tests.LoginTest" name="testmain" time="23.618"/>
</testsuite> <!-- Tests.LoginTest -->
